<?xml version="1.0" encoding="UTF-8"?>
<!-- Generated by org.testng.reporters.JUnitReportReporter -->
<testsuite name="arbormetrix.testcases.RegistrationTest" tests="5" time="58.171" ignored="0" failures="0" timestamp="17 Dec 2020 07:19:20 GMT" skipped="0" hostname="DESKTOP-JEV6767" errors="0">
  <testcase name="validatingStudentReistration" time="15.190" classname="arbormetrix.testcases.RegistrationTest"/>
  <testcase name="verifyCourseIsPresentFromDropDownList" time="10.837" classname="arbormetrix.testcases.RegistrationTest"/>
  <testcase name="verifyFieldsArePresent" time="9.564" classname="arbormetrix.testcases.RegistrationTest"/>
  <testcase name="validatingStudentReistration" time="13.142" classname="arbormetrix.testcases.RegistrationTest"/>
  <testcase name="verifyContactsPageLabel" time="9.438" classname="arbormetrix.testcases.RegistrationTest"/>
</testsuite> <!-- arbormetrix.testcases.RegistrationTest -->
